<?xml version="1.0" encoding="UTF-8"?>
<testsuite xmlns:xsi="http://www.w3.org/2001/XMLSchema-instance" xsi:noNamespaceSchemaLocation="https://maven.apache.org/surefire/maven-surefire-plugin/xsd/surefire-test-report.xsd" name="com.bootcamp.javacode.CalculatorTest" time="11.499" tests="3" errors="0" skipped="0" failures="0">
  <properties>
[...]
</properties>
  <testcase name="testCalculateMethod" classname="com.bootcamp.javacode.CalculatorTest" time="11.295"/>
  <testcase name="testSleep" classname="com.bootcamp.javacode.CalculatorTest" time="0.144"/>
  <testcase name="testSleep2" classname="com.bootcamp.javacode.CalculatorTest" time="0.029"/>
</testsuite>